<?xml version="1.0" encoding="UTF-8"?>
<!-- Generated by org.testng.reporters.JUnitReportReporter -->
<testsuite hostname="IBM-DOTNET-001" name="Demos.Demos" tests="1" failures="0" timestamp="9 Aug 2021 04:07:48 GMT" time="23.633" errors="0">
  <testcase name="testcase1" time="23.633" classname="Demos.Demos"/>
</testsuite> <!-- Demos.Demos -->
